<?xml version="1.0" encoding="UTF-8"?>
<!-- Generated by org.testng.reporters.JUnitXMLReporter -->
<testsuite ignored="0" hostname="DESKTOP-VAQKFJ2" failures="0" tests="2" name="Login Validation" time="23.714" errors="0" timestamp="19 Apr 2024 17:29:41 GMT">
  <testcase classname="com.qa.tests.TC_001_ToVerifyUserAbleToLoginIntoApplicationWithValidCredentials" name="validateWhetherTheUserAbleToLoginWithVaildCredentials" time="6.692"/>
  <testcase classname="com.qa.tests.TC_002_ToVerifyApplicationGivesProperAlertMessageWithInvalidLiginCredentials" name="validateWhetherTheUserAbleToLoginWithVaildCredentials" time="1.268"/>
</testsuite> <!-- Login Validation -->
