<?xml version="1.0" encoding="UTF-8"?>
<!-- Generated by org.testng.reporters.JUnitXMLReporter -->
<testsuite ignored="0" hostname="DESKTOP-VAQKFJ2" failures="0" tests="2" name="Default test" time="19.409" errors="0" timestamp="25 Apr 2024 09:08:27 GMT">
  <testcase classname="com.qa.tests.TransferFundsSuite" name="TC_TF_001_VerifyWhetherUserIsLandOnTransferFundPage" time="2.825"/>
  <testcase classname="com.qa.tests.TransferFundsSuite" name="TC_TF_002_VerifyWhetherTheUserAbleToTransferFund" time="4.573"/>
</testsuite> <!-- Default test -->
