<?xml version="1.0" encoding="UTF-8"?>
<!-- Generated by org.testng.reporters.JUnitXMLReporter -->
<testsuite ignored="0" hostname="DESKTOP-VAQKFJ2" failures="0" tests="2" name="Test" time="18.256" errors="0" timestamp="25 Apr 2024 09:16:50 GMT">
  <testcase classname="com.qa.tests.OpenNewAccountSuite" name="TC_ONA_001_VerifyWhetherCheckingOptionPresentInAccountTypeDropdown" time="4.113"/>
  <testcase classname="com.qa.tests.TransferFundsSuite" name="TC_TF_001_VerifyWhetherUserIsLandOnTransferFundPage" time="2.031"/>
</testsuite> <!-- Test -->
