<?xml version="1.0" encoding="UTF-8"?>
<!-- Generated by org.testng.reporters.JUnitXMLReporter -->
<testsuite ignored="0" hostname="DESKTOP-VAQKFJ2" failures="0" tests="2" name="Test2" time="27.353" errors="0" timestamp="25 Apr 2024 09:24:48 GMT">
  <testcase classname="com.qa.tests.TransferFundsSuite" name="TC_TF_001_VerifyWhetherUserIsLandOnTransferFundPage" time="1.909"/>
  <testcase classname="com.qa.tests.TransferFundsSuite" name="TC_TF_002_VerifyWhetherTheUserAbleToTransferFund" time="5.283"/>
</testsuite> <!-- Test2 -->
