<?xml version="1.0" encoding="UTF-8"?>
<!-- Generated by org.testng.reporters.JUnitXMLReporter -->
<testsuite ignored="0" hostname="DESKTOP-VAQKFJ2" failures="5" tests="5" name="Test" time="45.429" errors="0" timestamp="25 Apr 2024 08:04:29 GMT">
  <testcase classname="com.qa.tests.UserSignUpSuite" name="TC_LF_001_VerifyWhetherTheUserABleToRegisterInParaBankApplicationWithValidTestData" time="5.999">
    <failure type="java.lang.NullPointerException">
      <![CDATA[java.lang.NullPointerException
at com.qa.reports.ExtentLogger.fail(ExtentLogger.java:13)
at com.qa.reusableComponents.CommonMethods.click_custom(CommonMethods.java:107)
at com.qa.pageObjects.SignUpPage.clickOnRegisterLink(SignUpPage.java:77)
at com.qa.tests.UserSignUpSuite.TC_LF_001_VerifyWhetherTheUserABleToRegisterInParaBankApplicationWithValidTestData(UserSignUpSuite.java:38)
... Removed 28 stack frames]]>
    </failure>
  </testcase> <!-- TC_LF_001_VerifyWhetherTheUserABleToRegisterInParaBankApplicationWithValidTestData -->
  <testcase classname="com.qa.tests.LoginSuite" name="TC_LF_001_VerifyUserLoginIntoApplicationWithValidCredentials" time="0.616">
    <failure type="java.lang.NullPointerException">
      <![CDATA[java.lang.NullPointerException
at com.qa.reports.ExtentLogger.fail(ExtentLogger.java:13)
at com.qa.reusableComponents.CommonMethods.sendKeys_custom(CommonMethods.java:89)
at com.qa.pageObjects.LoginPage.enterUserID(LoginPage.java:46)
at com.qa.pageObjects.LoginPage.loginIntoApplication(LoginPage.java:38)
at com.qa.tests.LoginSuite.TC_LF_001_VerifyUserLoginIntoApplicationWithValidCredentials(LoginSuite.java:48)
... Removed 28 stack frames]]>
    </failure>
  </testcase> <!-- TC_LF_001_VerifyUserLoginIntoApplicationWithValidCredentials -->
  <testcase classname="com.qa.tests.OpenNewAccountSuite" name="TC_ONA_001_VerifyWhetherCheckingOptionPresentInAccountTypeDropdown" time="0.365">
    <failure type="java.lang.NullPointerException">
      <![CDATA[java.lang.NullPointerException
at com.qa.reports.ExtentLogger.fail(ExtentLogger.java:13)
at com.qa.reusableComponents.CommonMethods.sendKeys_custom(CommonMethods.java:89)
at com.qa.pageObjects.LoginPage.enterUserID(LoginPage.java:46)
at com.qa.pageObjects.LoginPage.loginIntoApplication(LoginPage.java:38)
at com.qa.tests.OpenNewAccountSuite.TC_ONA_001_VerifyWhetherCheckingOptionPresentInAccountTypeDropdown(OpenNewAccountSuite.java:41)
... Removed 28 stack frames]]>
    </failure>
  </testcase> <!-- TC_ONA_001_VerifyWhetherCheckingOptionPresentInAccountTypeDropdown -->
  <testcase classname="com.qa.tests.TransferFundsSuite" name="TC_TF_001_VerifyWhetherUserIsLandOnTransferFundPage" time="0.37">
    <failure type="java.lang.NullPointerException">
      <![CDATA[java.lang.NullPointerException
at com.qa.reports.ExtentLogger.fail(ExtentLogger.java:13)
at com.qa.reusableComponents.CommonMethods.sendKeys_custom(CommonMethods.java:89)
at com.qa.pageObjects.LoginPage.enterUserID(LoginPage.java:46)
at com.qa.pageObjects.LoginPage.loginIntoApplication(LoginPage.java:38)
at com.qa.tests.TransferFundsSuite.TC_TF_001_VerifyWhetherUserIsLandOnTransferFundPage(TransferFundsSuite.java:40)
... Removed 28 stack frames]]>
    </failure>
  </testcase> <!-- TC_TF_001_VerifyWhetherUserIsLandOnTransferFundPage -->
  <testcase classname="com.qa.tests.AccountOverviewSuite" name="TC_AOF_001_VerifyWhetherAccountOverviewPageDisplayedOrNot" time="5.245">
    <failure type="java.lang.NullPointerException">
      <![CDATA[java.lang.NullPointerException
at com.qa.reports.ExtentLogger.fail(ExtentLogger.java:13)
at com.qa.reusableComponents.CommonMethods.waitForElement(CommonMethods.java:227)
at com.qa.reusableComponents.CommonMethods.waitForElement(CommonMethods.java:242)
at com.qa.pageObjects.LoginPage.enterUserID(LoginPage.java:45)
at com.qa.pageObjects.LoginPage.loginIntoApplication(LoginPage.java:38)
at com.qa.tests.AccountOverviewSuite.TC_AOF_001_VerifyWhetherAccountOverviewPageDisplayedOrNot(AccountOverviewSuite.java:42)
... Removed 28 stack frames]]>
    </failure>
  </testcase> <!-- TC_AOF_001_VerifyWhetherAccountOverviewPageDisplayedOrNot -->
</testsuite> <!-- Test -->
