<?xml version="1.0" encoding="UTF-8"?>
<!-- Generated by org.testng.reporters.JUnitXMLReporter -->
<testsuite ignored="1" hostname="DESKTOP-VAQKFJ2" failures="0" tests="1" name="Account Overview Functionality Validation(failed)(failed)" time="12.286" errors="0" timestamp="25 Apr 2024 09:37:32 GMT">
  <testcase classname="com.qa.tests.AccountOverviewSuite" name="TC_AOF_002_VerifyUserLandOnAccountDetailsPageAfterClickOnAccountNumberFromAccountOverviewPage" time="5.146"/>
  <testcase classname="com.qa.tests.AccountOverviewSuite" name="TC_AOF_001_VerifyWhetherAccountOverviewPageDisplayedOrNot" time="0.0">
    <ignored/>
  </testcase> <!-- TC_AOF_001_VerifyWhetherAccountOverviewPageDisplayedOrNot -->
</testsuite> <!-- Account Overview Functionality Validation(failed)(failed) -->
