<?xml version="1.0" encoding="UTF-8"?>
<testsuite xmlns:xsi="http://www.w3.org/2001/XMLSchema-instance" xsi:noNamespaceSchemaLocation="https://maven.apache.org/surefire/maven-surefire-plugin/xsd/surefire-test-report.xsd" name="TestSuite" time="57.94" tests="10" errors="0" skipped="0" failures="1">
  <properties>
[...]
</properties>
  <testcase name="TC_LF_001_VerifyUserLoginIntoApplicationWithValidCredentials" classname="com.qa.tests.LoginSuite" time="7.329"/>
  <testcase name="TC_TF_001_VerifyWhetherUserIsLandOnTransferFundPage" classname="com.qa.tests.TransferFundsSuite" time="7.443"/>
  <testcase name="TC_AOF_001_VerifyWhetherAccountOverviewPageDisplayedOrNot" classname="com.qa.tests.AccountOverviewSuite" time="7.839"/>
  <testcase name="TC_ONA_001_VerifyWhetherCheckingOptionPresentInAccountTypeDropdown" classname="com.qa.tests.OpenNewAccountSuite" time="9.165"/>
  <testcase name="TC_RF_001_VerifyWhetherTheUserABleToRegisterInParaBankApplicationWithValidTestData" classname="com.qa.tests.UserSignUpSuite" time="0.359">
    <failure message="User is not able to complete SignUp Process" type="java.lang.AssertionError">java.lang.AssertionError: User is not able to complete SignUp Process
	at com.qa.tests.UserSignUpSuite.TC_RF_001_VerifyWhetherTheUserABleToRegisterInParaBankApplicationWithValidTestData(UserSignUpSuite.java:51)
</failure>
    <system-out><![CDATA[I am in onTestFailure method TC_RF_001_VerifyWhetherTheUserABleToRegisterInParaBankApplicationWithValidTestData failed
Screenshot captured for test case:TC_RF_001_VerifyWhetherTheUserABleToRegisterInParaBankApplicationWithValidTestData
I am in on Test Start method TC_TF_002_VerifyWhetherTheUserAbleToTransferFund start
]]></system-out>
    <system-err><![CDATA[Apr 25, 2024 3:46:41 PM org.openqa.selenium.devtools.CdpVersionFinder findNearestMatch
WARNING: Unable to find an exact match for CDP version 124, returning the closest version; found: 123; Please update to a Selenium version that supports CDP version 124
Apr 25, 2024 3:46:42 PM org.openqa.selenium.devtools.CdpVersionFinder findNearestMatch
WARNING: Unable to find an exact match for CDP version 124, returning the closest version; found: 123; Please update to a Selenium version that supports CDP version 124
]]></system-err>
  </testcase>
  <testcase name="TC_ONA_002_VerifyWhetherSavingOptionPresentInAccountTypeDropdown" classname="com.qa.tests.OpenNewAccountSuite" time="2.889"/>
  <testcase name="TC_TF_002_VerifyWhetherTheUserAbleToTransferFund" classname="com.qa.tests.TransferFundsSuite" time="3.603"/>
  <testcase name="TC_AOF_002_VerifyUserLandOnAccountDetailsPageAfterClickOnAccountNumberFromAccountOverviewPage" classname="com.qa.tests.AccountOverviewSuite" time="6.002"/>
  <testcase name="TC_ONA_003_VerifyWhetherTheUserAbleToCreateNewAccountWithCheckingAccountType" classname="com.qa.tests.OpenNewAccountSuite" time="5.637"/>
  <testcase name="TC_ONA_004_VerifyWhetherTheUserAbleToCreateNewAccountWithSavingAccountType" classname="com.qa.tests.OpenNewAccountSuite" time="5.558"/>
</testsuite>