<?xml version="1.0" encoding="UTF-8"?>
<testng-results ignored="0" total="1" passed="1" failed="0" skipped="0">
  <reporter-output>
  </reporter-output>
  <suite started-at="2024-04-25T15:12:24Z" name="Default suite" finished-at="2024-04-25T15:12:40Z" duration-ms="16696">
    <groups>
      <group name="SignUp">
        <method signature="UserSignUpSuite.TC_RF_001_VerifyWhetherTheUserABleToRegisterInParaBankApplicationWithValidTestData()[pri:1, instance:com.qa.tests.UserSignUpSuite@fd8294b]" name="TC_RF_001_VerifyWhetherTheUserABleToRegisterInParaBankApplicationWithValidTestData" class="com.qa.tests.UserSignUpSuite"/>
      </group> <!-- SignUp -->
      <group name="Regression">
        <method signature="UserSignUpSuite.TC_RF_001_VerifyWhetherTheUserABleToRegisterInParaBankApplicationWithValidTestData()[pri:1, instance:com.qa.tests.UserSignUpSuite@fd8294b]" name="TC_RF_001_VerifyWhetherTheUserABleToRegisterInParaBankApplicationWithValidTestData" class="com.qa.tests.UserSignUpSuite"/>
      </group> <!-- Regression -->
    </groups>
    <test started-at="2024-04-25T15:12:24Z" name="Default test" finished-at="2024-04-25T15:12:40Z" duration-ms="16696">
      <class name="com.qa.tests.UserSignUpSuite">
        <test-method is-config="true" signature="initialize_driver()[pri:0, instance:com.qa.tests.UserSignUpSuite@fd8294b]" started-at="2024-04-25T15:12:24Z" name="initialize_driver" finished-at="2024-04-25T15:12:31Z" duration-ms="7272" status="PASS">
          <reporter-output>
          </reporter-output>
        </test-method> <!-- initialize_driver -->
        <test-method signature="TC_RF_001_VerifyWhetherTheUserABleToRegisterInParaBankApplicationWithValidTestData()[pri:1, instance:com.qa.tests.UserSignUpSuite@fd8294b]" started-at="2024-04-25T15:12:31Z" name="TC_RF_001_VerifyWhetherTheUserABleToRegisterInParaBankApplicationWithValidTestData" description="TC_RF_001 :Verify that user is able to Register successfully in the ParaBank application after providing the valid Register Test Data" finished-at="2024-04-25T15:12:38Z" duration-ms="7295" status="PASS">
          <reporter-output>
          </reporter-output>
        </test-method> <!-- TC_RF_001_VerifyWhetherTheUserABleToRegisterInParaBankApplicationWithValidTestData -->
        <test-method is-config="true" signature="tearDown()[pri:0, instance:com.qa.tests.UserSignUpSuite@fd8294b]" started-at="2024-04-25T15:12:39Z" name="tearDown" finished-at="2024-04-25T15:12:40Z" duration-ms="1755" status="PASS">
          <reporter-output>
          </reporter-output>
        </test-method> <!-- tearDown -->
      </class> <!-- com.qa.tests.UserSignUpSuite -->
    </test> <!-- Default test -->
  </suite> <!-- Default suite -->
</testng-results>
