<?xml version="1.0" encoding="UTF-8"?>
<testng-results ignored="1" total="3" passed="1" failed="1" skipped="0">
  <reporter-output>
  </reporter-output>
  <suite started-at="2024-04-25T09:37:11Z" name="Failed suite [Failed suite [Para Bank Web Application ]]" finished-at="2024-04-25T09:37:32Z" duration-ms="21850">
    <groups>
      <group name="SignUp">
        <method signature="UserSignUpSuite.TC_RF_001_VerifyWhetherTheUserABleToRegisterInParaBankApplicationWithValidTestData()[pri:1, instance:com.qa.tests.UserSignUpSuite@67b9b51a]" name="TC_RF_001_VerifyWhetherTheUserABleToRegisterInParaBankApplicationWithValidTestData" class="com.qa.tests.UserSignUpSuite"/>
      </group> <!-- SignUp -->
      <group name="Regression">
        <method signature="UserSignUpSuite.TC_RF_001_VerifyWhetherTheUserABleToRegisterInParaBankApplicationWithValidTestData()[pri:1, instance:com.qa.tests.UserSignUpSuite@67b9b51a]" name="TC_RF_001_VerifyWhetherTheUserABleToRegisterInParaBankApplicationWithValidTestData" class="com.qa.tests.UserSignUpSuite"/>
        <method signature="AccountOverviewSuite.TC_AOF_002_VerifyUserLandOnAccountDetailsPageAfterClickOnAccountNumberFromAccountOverviewPage()[pri:2, instance:com.qa.tests.AccountOverviewSuite@727eb8cb]" name="TC_AOF_002_VerifyUserLandOnAccountDetailsPageAfterClickOnAccountNumberFromAccountOverviewPage" class="com.qa.tests.AccountOverviewSuite"/>
      </group> <!-- Regression -->
    </groups>
    <test started-at="2024-04-25T09:37:11Z" name="Register Functionality Validation(failed)(failed)" finished-at="2024-04-25T09:37:20Z" duration-ms="9534">
      <class name="com.qa.tests.UserSignUpSuite">
        <test-method is-config="true" signature="initialize_driver()[pri:0, instance:com.qa.tests.UserSignUpSuite@67b9b51a]" started-at="2024-04-25T09:37:11Z" name="initialize_driver" finished-at="2024-04-25T09:37:16Z" duration-ms="5286" status="PASS">
          <reporter-output>
          </reporter-output>
        </test-method> <!-- initialize_driver -->
        <test-method signature="TC_RF_001_VerifyWhetherTheUserABleToRegisterInParaBankApplicationWithValidTestData()[pri:1, instance:com.qa.tests.UserSignUpSuite@67b9b51a]" started-at="2024-04-25T09:37:16Z" name="TC_RF_001_VerifyWhetherTheUserABleToRegisterInParaBankApplicationWithValidTestData" description="TC_RF_001 :Verify that user is able to Register successfully in the ParaBank application after providing the valid Register Test Data" finished-at="2024-04-25T09:37:20Z" duration-ms="3667" status="FAIL">
          <exception class="java.lang.AssertionError">
            <message>
              <![CDATA[User is not able to complete SignUp Process]]>
            </message>
            <full-stacktrace>
              <![CDATA[java.lang.AssertionError: User is not able to complete SignUp Process
at org.testng.Assert.fail(Assert.java:96)
at com.qa.pageObjects.SignUpPage.verifyUserSuccessfullyCompletedSignUpProcess(SignUpPage.java:172)
at com.qa.tests.UserSignUpSuite.TC_RF_001_VerifyWhetherTheUserABleToRegisterInParaBankApplicationWithValidTestData(UserSignUpSuite.java:51)
at java.base/jdk.internal.reflect.NativeMethodAccessorImpl.invoke0(Native Method)
at java.base/jdk.internal.reflect.NativeMethodAccessorImpl.invoke(NativeMethodAccessorImpl.java:77)
at java.base/jdk.internal.reflect.DelegatingMethodAccessorImpl.invoke(DelegatingMethodAccessorImpl.java:43)
at java.base/java.lang.reflect.Method.invoke(Method.java:568)
at org.testng.internal.MethodInvocationHelper.invokeMethod(MethodInvocationHelper.java:124)
at org.testng.internal.Invoker.invokeMethod(Invoker.java:583)
at org.testng.internal.Invoker.invokeTestMethod(Invoker.java:719)
at org.testng.internal.Invoker.invokeTestMethods(Invoker.java:989)
at org.testng.internal.TestMethodWorker.invokeTestMethods(TestMethodWorker.java:125)
at org.testng.internal.TestMethodWorker.run(TestMethodWorker.java:109)
at org.testng.TestRunner.privateRun(TestRunner.java:648)
at org.testng.TestRunner.run(TestRunner.java:505)
at org.testng.SuiteRunner.runTest(SuiteRunner.java:455)
at org.testng.SuiteRunner.runSequentially(SuiteRunner.java:450)
at org.testng.SuiteRunner.privateRun(SuiteRunner.java:415)
at org.testng.SuiteRunner.run(SuiteRunner.java:364)
at org.testng.SuiteRunnerWorker.runSuite(SuiteRunnerWorker.java:52)
at org.testng.SuiteRunnerWorker.run(SuiteRunnerWorker.java:84)
at org.testng.TestNG.runSuitesSequentially(TestNG.java:1208)
at org.testng.TestNG.runSuitesLocally(TestNG.java:1137)
at org.testng.TestNG.runSuites(TestNG.java:1049)
at org.testng.TestNG.run(TestNG.java:1017)
at org.testng.remote.AbstractRemoteTestNG.run(AbstractRemoteTestNG.java:115)
at org.testng.remote.RemoteTestNG.initAndRun(RemoteTestNG.java:251)
at org.testng.remote.RemoteTestNG.main(RemoteTestNG.java:77)
]]>
            </full-stacktrace>
          </exception> <!-- java.lang.AssertionError -->
          <reporter-output>
          </reporter-output>
        </test-method> <!-- TC_RF_001_VerifyWhetherTheUserABleToRegisterInParaBankApplicationWithValidTestData -->
        <test-method is-config="true" signature="tearDown()[pri:0, instance:com.qa.tests.UserSignUpSuite@67b9b51a]" started-at="2024-04-25T09:37:20Z" name="tearDown" finished-at="2024-04-25T09:37:20Z" duration-ms="213" status="PASS">
          <reporter-output>
          </reporter-output>
        </test-method> <!-- tearDown -->
      </class> <!-- com.qa.tests.UserSignUpSuite -->
    </test> <!-- Register Functionality Validation(failed)(failed) -->
    <test started-at="2024-04-25T09:37:20Z" name="Account Overview Functionality Validation(failed)(failed)" finished-at="2024-04-25T09:37:32Z" duration-ms="12286">
      <class name="com.qa.tests.AccountOverviewSuite">
        <test-method is-config="true" signature="initialize_driver()[pri:0, instance:com.qa.tests.AccountOverviewSuite@727eb8cb]" started-at="2024-04-25T09:37:20Z" name="initialize_driver" finished-at="2024-04-25T09:37:27Z" duration-ms="6827" status="PASS">
          <reporter-output>
          </reporter-output>
        </test-method> <!-- initialize_driver -->
        <test-method signature="TC_AOF_002_VerifyUserLandOnAccountDetailsPageAfterClickOnAccountNumberFromAccountOverviewPage()[pri:2, instance:com.qa.tests.AccountOverviewSuite@727eb8cb]" started-at="2024-04-25T09:37:27Z" name="TC_AOF_002_VerifyUserLandOnAccountDetailsPageAfterClickOnAccountNumberFromAccountOverviewPage" description="TC_AOF_002:Verify  after click on Account Number in Account Overview page, whether the user land Account details page  and same Account number is displayed in Account Details page" finished-at="2024-04-25T09:37:32Z" duration-ms="5146" status="PASS">
          <reporter-output>
          </reporter-output>
        </test-method> <!-- TC_AOF_002_VerifyUserLandOnAccountDetailsPageAfterClickOnAccountNumberFromAccountOverviewPage -->
        <test-method is-config="true" signature="tearDown()[pri:0, instance:com.qa.tests.AccountOverviewSuite@727eb8cb]" started-at="2024-04-25T09:37:32Z" name="tearDown" finished-at="2024-04-25T09:37:32Z" duration-ms="164" status="PASS">
          <reporter-output>
          </reporter-output>
        </test-method> <!-- tearDown -->
      </class> <!-- com.qa.tests.AccountOverviewSuite -->
    </test> <!-- Account Overview Functionality Validation(failed)(failed) -->
  </suite> <!-- Failed suite [Failed suite [Para Bank Web Application ]] -->
</testng-results>
